SF:lib\core\error\failure.dart
DA:8,11
DA:12,6
DA:13,12
LF:3
LH:3
end_of_record
SF:lib\core\provider\url_provider.dart
DA:5,1
DA:6,1
DA:9,0
DA:11,1
DA:15,1
LF:5
LH:4
end_of_record
SF:lib\features\clients\data\data_source\client_data_source.dart
DA:19,1
DA:22,1
DA:23,3
DA:25,6
DA:30,2
DA:31,2
DA:32,2
DA:33,1
DA:34,2
DA:35,2
DA:36,1
DA:37,1
DA:41,0
DA:44,1
DA:49,1
DA:50,2
DA:51,6
DA:56,2
DA:57,2
DA:58,2
DA:59,2
DA:62,0
DA:65,1
DA:70,1
DA:71,4
DA:72,6
DA:77,2
DA:78,2
DA:79,2
DA:80,0
DA:83,1
DA:88,1
DA:89,2
DA:90,6
DA:95,2
DA:96,2
DA:97,2
DA:98,2
DA:101,0
DA:104,1
LF:40
LH:36
end_of_record
SF:lib\features\clients\data\model\client_model.dart
DA:4,5
DA:12,3
DA:13,3
DA:14,3
DA:15,3
DA:16,3
DA:17,3
DA:18,3
DA:22,4
DA:23,2
DA:24,2
DA:25,2
DA:26,2
DA:27,2
DA:30,2
DA:31,1
DA:32,1
DA:33,1
DA:34,1
LF:19
LH:19
end_of_record
SF:lib\features\clients\domain\entities\client.dart
DA:11,9
DA:20,4
DA:21,20
LF:3
LH:3
end_of_record
SF:lib\features\clients\data\repository\client_repository_impl.dart
DA:14,1
DA:17,1
DA:19,3
DA:20,1
DA:21,1
DA:22,0
DA:24,2
DA:29,1
DA:31,1
DA:32,1
DA:33,1
DA:34,1
DA:35,1
DA:36,1
DA:38,3
DA:39,1
DA:40,0
DA:41,0
DA:43,0
DA:48,1
DA:50,3
DA:51,1
DA:52,1
DA:53,0
DA:55,2
DA:60,1
DA:62,1
DA:63,1
DA:64,1
DA:65,1
DA:66,1
DA:67,1
DA:69,3
DA:70,1
DA:71,1
DA:72,0
DA:74,2
LF:37
LH:31
end_of_record
SF:lib\features\clients\domain\use_cases\add_client_use_case.dart
DA:13,1
DA:18,1
DA:19,4
LF:3
LH:3
end_of_record
SF:lib\features\clients\domain\use_cases\params\client_params.dart
DA:7,2
DA:11,0
DA:12,0
LF:3
LH:1
end_of_record
SF:lib\core\use_cases\use_case.dart
DA:13,1
DA:14,1
LF:2
LH:2
end_of_record
SF:lib\features\clients\domain\use_cases\delete_client_use_case.dart
DA:11,1
DA:16,1
DA:17,3
LF:3
LH:3
end_of_record
SF:lib\features\clients\domain\use_cases\edit_client_use_case.dart
DA:12,1
DA:17,1
DA:18,4
LF:3
LH:3
end_of_record
SF:lib\features\clients\domain\use_cases\get_clients_use_case.dart
DA:11,1
DA:14,1
DA:15,3
LF:3
LH:3
end_of_record
SF:lib\features\login\data\data_source\user_data_source.dart
DA:16,1
DA:19,1
DA:20,1
DA:24,2
DA:25,4
DA:30,2
DA:31,2
DA:32,2
DA:33,1
DA:36,0
DA:39,1
LF:11
LH:10
end_of_record
SF:lib\features\login\data\model\user_model.dart
DA:4,4
DA:13,3
DA:14,3
DA:15,6
DA:16,6
DA:17,6
DA:18,6
DA:19,6
DA:20,6
LF:9
LH:9
end_of_record
SF:lib\features\login\domain\entities\user_info.dart
DA:11,7
DA:20,2
DA:21,4
LF:3
LH:3
end_of_record
SF:lib\features\clients\presentation\bloc\clients\client_state.dart
DA:7,1
DA:9,1
DA:10,3
DA:12,0
DA:16,0
DA:17,0
DA:18,0
DA:25,1
DA:26,3
DA:31,4
DA:38,2
DA:39,1
DA:40,3
DA:47,0
DA:54,2
DA:60,4
LF:16
LH:11
end_of_record
SF:lib\features\clients\presentation\bloc\clients\client_event.dart
DA:4,2
DA:7,0
DA:8,0
DA:12,1
DA:19,2
DA:25,0
DA:27,0
DA:32,1
DA:40,0
DA:47,1
LF:10
LH:5
end_of_record
SF:lib\features\clients\presentation\bloc\clients\client_bloc.dart
DA:22,1
DA:27,2
DA:28,2
DA:30,1
DA:31,2
DA:32,4
DA:33,1
DA:34,4
DA:35,1
DA:36,5
DA:37,4
DA:43,1
DA:44,3
DA:45,5
DA:46,5
DA:47,4
DA:48,2
DA:49,1
DA:50,4
DA:54,1
DA:55,0
DA:56,0
DA:58,0
DA:59,0
DA:60,0
DA:61,0
DA:62,0
DA:64,0
DA:65,0
DA:69,0
DA:70,0
DA:71,0
DA:72,0
DA:73,0
DA:74,0
DA:79,1
DA:80,2
DA:81,4
DA:83,1
DA:84,0
DA:85,1
DA:86,3
DA:87,1
DA:88,4
DA:93,1
DA:94,0
DA:95,0
DA:96,0
DA:97,0
DA:99,0
DA:100,0
DA:101,0
DA:102,0
DA:103,0
DA:104,0
DA:105,0
DA:106,0
DA:111,1
DA:112,4
DA:113,1
DA:114,6
LF:61
LH:33
end_of_record
SF:lib\features\login\data\repository\user_repository_impl.dart
DA:11,1
DA:15,1
DA:17,3
DA:18,1
DA:19,1
DA:20,0
DA:22,2
LF:7
LH:6
end_of_record
SF:lib\features\login\domain\use_cases\user_login.dart
DA:12,1
DA:17,1
DA:18,5
DA:26,3
DA:30,1
DA:31,3
LF:6
LH:6
end_of_record
SF:lib\features\login\presentation\bloc\user\user_state.dart
DA:5,3
DA:9,1
DA:10,3
DA:14,1
DA:18,2
DA:24,2
DA:30,3
LF:7
LH:7
end_of_record
SF:lib\features\login\presentation\bloc\user\user_event.dart
DA:4,1
DA:6,0
DA:7,0
DA:14,1
LF:4
LH:2
end_of_record
SF:lib\features\login\presentation\bloc\user\user_bloc.dart
DA:12,1
DA:14,1
DA:15,2
DA:16,1
DA:17,1
DA:18,6
DA:19,1
DA:20,4
DA:21,1
DA:22,2
LF:10
LH:10
end_of_record
