SF:lib\core\error\failure.dart
DA:8,10
DA:12,5
DA:13,10
LF:3
LH:3
end_of_record
SF:lib\core\provider\url_provider.dart
DA:5,1
DA:6,1
DA:9,0
DA:11,1
DA:15,1
LF:5
LH:4
end_of_record
SF:lib\features\clients\data\data_source\client_data_source.dart
DA:18,1
DA:21,1
DA:22,3
DA:24,6
DA:29,2
DA:30,2
DA:31,2
DA:32,1
DA:33,2
DA:34,2
DA:35,1
DA:36,1
DA:40,0
DA:43,1
DA:48,1
DA:49,2
DA:50,6
DA:55,2
DA:56,2
DA:57,2
DA:58,2
DA:61,0
DA:64,1
DA:69,1
DA:70,4
DA:71,6
DA:76,2
DA:77,2
DA:78,2
DA:79,0
DA:82,1
LF:31
LH:28
end_of_record
SF:lib\features\clients\data\model\client_model.dart
DA:4,5
DA:12,3
DA:13,3
DA:14,3
DA:15,3
DA:16,3
DA:17,3
DA:18,3
DA:22,4
DA:23,2
DA:24,2
DA:25,2
DA:26,2
DA:27,2
LF:14
LH:14
end_of_record
SF:lib\core\use_cases\use_case.dart
DA:13,1
DA:14,1
LF:2
LH:2
end_of_record
SF:lib\features\clients\domain\entities\client.dart
DA:11,8
DA:20,4
DA:21,20
LF:3
LH:3
end_of_record
SF:lib\features\clients\domain\use_cases\add_client_use_case.dart
DA:13,1
DA:18,1
DA:19,4
DA:26,1
DA:30,0
DA:31,0
LF:6
LH:4
end_of_record
SF:lib\features\clients\domain\use_cases\delete_client_use_case.dart
DA:11,1
DA:16,1
DA:17,3
LF:3
LH:3
end_of_record
SF:lib\features\clients\domain\use_cases\get_clients_use_case.dart
DA:11,1
DA:14,1
DA:15,3
LF:3
LH:3
end_of_record
SF:lib\features\clients\presentation\bloc\clients\client_state.dart
DA:7,1
DA:9,1
DA:10,2
DA:15,1
DA:16,3
DA:21,4
DA:28,2
DA:35,0
DA:39,1
DA:45,4
LF:10
LH:9
end_of_record
SF:lib\features\clients\presentation\bloc\clients\client_bloc.dart
DA:19,1
DA:23,2
DA:24,2
DA:25,1
DA:26,2
DA:27,4
DA:28,1
DA:29,4
DA:30,1
DA:31,5
DA:32,4
DA:36,1
DA:37,3
DA:38,5
DA:39,5
DA:40,4
DA:41,2
DA:42,1
DA:43,4
DA:46,1
DA:47,0
DA:49,0
DA:50,0
DA:51,0
DA:52,0
DA:53,0
DA:58,1
DA:59,2
DA:60,4
DA:62,1
DA:63,0
DA:64,1
DA:65,3
DA:66,1
DA:67,4
LF:35
LH:28
end_of_record
SF:lib\features\clients\presentation\bloc\clients\client_event.dart
DA:4,2
DA:7,0
DA:8,0
DA:12,1
DA:19,2
DA:25,0
DA:32,1
LF:7
LH:4
end_of_record
SF:lib\features\clients\data\repository\client_repository_impl.dart
DA:14,1
DA:17,1
DA:19,3
DA:20,1
DA:21,1
DA:22,0
DA:24,2
DA:29,1
DA:31,1
DA:32,1
DA:33,1
DA:34,1
DA:35,1
DA:36,1
DA:38,3
DA:39,1
DA:40,0
DA:41,0
DA:43,0
DA:48,1
DA:50,3
DA:51,1
DA:52,1
DA:53,0
DA:55,2
LF:25
LH:20
end_of_record
SF:lib\features\login\data\data_source\user_data_source.dart
DA:16,1
DA:19,1
DA:20,1
DA:24,2
DA:25,4
DA:30,2
DA:31,2
DA:32,2
DA:33,1
DA:36,0
DA:39,1
LF:11
LH:10
end_of_record
SF:lib\features\login\data\model\user_model.dart
DA:4,4
DA:13,3
DA:14,3
DA:15,6
DA:16,6
DA:17,6
DA:18,6
DA:19,6
DA:20,6
LF:9
LH:9
end_of_record
SF:lib\features\login\domain\entities\user_info.dart
DA:11,7
DA:20,2
DA:21,4
LF:3
LH:3
end_of_record
SF:lib\features\login\data\repository\user_repository_impl.dart
DA:11,1
DA:15,1
DA:17,3
DA:18,1
DA:19,1
DA:20,0
DA:22,2
LF:7
LH:6
end_of_record
SF:lib\features\login\domain\use_cases\user_login.dart
DA:12,1
DA:17,1
DA:18,5
DA:26,3
DA:30,1
DA:31,3
LF:6
LH:6
end_of_record
SF:lib\features\login\presentation\bloc\user\user_state.dart
DA:5,3
DA:9,1
DA:10,3
DA:14,1
DA:18,2
DA:24,2
DA:30,3
LF:7
LH:7
end_of_record
SF:lib\features\login\presentation\bloc\user\user_event.dart
DA:4,1
DA:6,0
DA:7,0
DA:14,1
LF:4
LH:2
end_of_record
SF:lib\features\login\presentation\bloc\user\user_bloc.dart
DA:12,1
DA:14,1
DA:15,2
DA:16,1
DA:17,1
DA:18,6
DA:19,1
DA:20,4
DA:21,1
DA:22,2
LF:10
LH:10
end_of_record
